<?xml version='1.0'?>
<ns2:test-suite xmlns:ns2='urn:model.allure.qatools.yandex.ru' start='1676791583056' stop='1676791584146'>
    <name>The Internet Guinea Pig Website: As a Invalod user, I shouldnot log into the Website</name>
    <title>The Internet Guinea Pig Website: As a Invalod user, I shouldnot log into the Website</title>
    <test-cases>
        <test-case start='1676791583056' status='passed' stop='1676791583057'>
            <name></name>
            <title></title>
            <labels>
                <label name='language' value='javascript'/>
                <label name='framework' value='wdio'/>
                <label name='thread' value='0-0'/>
            </labels>
            <parameters>
                <parameter kind='argument' name='browser' value='chrome-110.0.5481.104'/>
            </parameters>
            <steps/>
            <attachments/>
        </test-case>
        <test-case start='1676791583057' status='passed' stop='1676791584143'>
            <name>Given I am on the login page</name>
            <title>Given I am on the login page</title>
            <labels>
                <label name='language' value='javascript'/>
                <label name='framework' value='wdio'/>
                <label name='thread' value='0-0'/>
            </labels>
            <parameters>
                <parameter kind='argument' name='browser' value='chrome-110.0.5481.104'/>
            </parameters>
            <steps>
                <step start='1676791583058' status='passed' stop='1676791583081'>
                    <name>POST /session/:sessionId/url</name>
                    <title>POST /session/:sessionId/url</title>
                    <attachments>
                        <attachment title='Request' source='7a38faef-8dde-45c0-8b35-7fd4e456b695-attachment.json' type='application/json' size='81'/>
                        <attachment title='Response' source='fce00006-6fdc-4432-9497-3449ee52a19e-attachment.json' type='application/json' size='2'/>
                    </attachments>
                    <steps/>
                </step>
                <step start='1676791583090' status='passed' stop='1676791584142'>
                    <name>POST /session/:sessionId/elements</name>
                    <title>POST /session/:sessionId/elements</title>
                    <attachments>
                        <attachment title='Request' source='accda41a-5ee9-43ff-90c0-f6c0de24c6ed-attachment.json' type='application/json' size='63'/>
                    </attachments>
                    <steps/>
                </step>
            </steps>
            <attachments/>
        </test-case>
        <test-case start='1676791584143' status='broken' stop='1676791584144'>
            <name>When I login with invalid  admin and admin123</name>
            <title>When I login with invalid  admin and admin123</title>
            <labels>
                <label name='language' value='javascript'/>
                <label name='framework' value='wdio'/>
                <label name='thread' value='0-0'/>
            </labels>
            <parameters>
                <parameter kind='argument' name='browser' value='chrome-110.0.5481.104'/>
            </parameters>
            <steps/>
            <attachments/>
            <failure>
                <message>Step "I login with invalid  admin and admin123" is not defined. You can ignore this error by setting cucumberOpts.ignoreUndefinedDefinitions as true.</message>
                <stack-trace>Step "I login with invalid  admin and admin123" is not defined. You can ignore this error by setting cucumberOpts.ignoreUndefinedDefinitions as true.
                	at Feature(D:\WiproAnz\features\login.feature):1:1
                	at Scenario(As a Invalod user, I shouldnot log into the Website):14:5
                	at Step(I login with invalid  &lt;username> and &lt;password>):17:5
                </stack-trace>
            </failure>
        </test-case>
        <test-case start='1676791584144' status='broken' stop='1676791584145'>
            <name>Then I should see an  &lt;errorMessage></name>
            <title>Then I should see an  &lt;errorMessage></title>
            <labels>
                <label name='language' value='javascript'/>
                <label name='framework' value='wdio'/>
                <label name='thread' value='0-0'/>
            </labels>
            <parameters>
                <parameter kind='argument' name='browser' value='chrome-110.0.5481.104'/>
            </parameters>
            <steps/>
            <attachments/>
            <failure>
                <message>Step "I should see an  &lt;errorMessage>" is not defined. You can ignore this error by setting cucumberOpts.ignoreUndefinedDefinitions as true.</message>
                <stack-trace>Step "I should see an  &lt;errorMessage>" is not defined. You can ignore this error by setting cucumberOpts.ignoreUndefinedDefinitions as true.
                	at Feature(D:\WiproAnz\features\login.feature):1:1
                	at Scenario(As a Invalod user, I shouldnot log into the Website):14:5
                	at Step(I should see an  &lt;errorMessage>):18:5
                </stack-trace>
            </failure>
        </test-case>
        <test-case start='1676791584145' status='passed' stop='1676791584145'>
            <name></name>
            <title></title>
            <labels>
                <label name='language' value='javascript'/>
                <label name='framework' value='wdio'/>
                <label name='thread' value='0-0'/>
            </labels>
            <parameters>
                <parameter kind='argument' name='browser' value='chrome-110.0.5481.104'/>
            </parameters>
            <steps/>
            <attachments/>
        </test-case>
    </test-cases>
</ns2:test-suite>