<?xml version='1.0'?>
<ns2:test-suite xmlns:ns2='urn:model.allure.qatools.yandex.ru' start='1676791584151' stop='1676791586460'>
    <name>The Internet Guinea Pig Website: As a Invalod user, I shouldnot log into the Website</name>
    <title>The Internet Guinea Pig Website: As a Invalod user, I shouldnot log into the Website</title>
    <test-cases>
        <test-case start='1676791584152' status='passed' stop='1676791584153'>
            <name></name>
            <title></title>
            <labels>
                <label name='language' value='javascript'/>
                <label name='framework' value='wdio'/>
                <label name='thread' value='0-0'/>
            </labels>
            <parameters>
                <parameter kind='argument' name='browser' value='chrome-110.0.5481.104'/>
            </parameters>
            <steps/>
            <attachments/>
        </test-case>
        <test-case start='1676791584153' status='passed' stop='1676791586457'>
            <name>Given I am on the login page</name>
            <title>Given I am on the login page</title>
            <labels>
                <label name='language' value='javascript'/>
                <label name='framework' value='wdio'/>
                <label name='thread' value='0-0'/>
            </labels>
            <parameters>
                <parameter kind='argument' name='browser' value='chrome-110.0.5481.104'/>
            </parameters>
            <steps>
                <step start='1676791584154' status='passed' stop='1676791584179'>
                    <name>POST /session/:sessionId/url</name>
                    <title>POST /session/:sessionId/url</title>
                    <attachments>
                        <attachment title='Request' source='d4a9247c-e925-44ca-84c0-0f7ff1b4f65c-attachment.json' type='application/json' size='81'/>
                        <attachment title='Response' source='26c44a5b-8f60-41e6-9935-6212837bd7dc-attachment.json' type='application/json' size='2'/>
                    </attachments>
                    <steps/>
                </step>
                <step start='1676791584194' status='passed' stop='1676791586456'>
                    <name>POST /session/:sessionId/elements</name>
                    <title>POST /session/:sessionId/elements</title>
                    <attachments>
                        <attachment title='Request' source='27ea9425-37a7-47ee-985b-5df2737e71b4-attachment.json' type='application/json' size='63'/>
                    </attachments>
                    <steps/>
                </step>
            </steps>
            <attachments/>
        </test-case>
        <test-case start='1676791586457' status='broken' stop='1676791586458'>
            <name>When I login with invalid  admin and Admin123</name>
            <title>When I login with invalid  admin and Admin123</title>
            <labels>
                <label name='language' value='javascript'/>
                <label name='framework' value='wdio'/>
                <label name='thread' value='0-0'/>
            </labels>
            <parameters>
                <parameter kind='argument' name='browser' value='chrome-110.0.5481.104'/>
            </parameters>
            <steps/>
            <attachments/>
            <failure>
                <message>Step "I login with invalid  admin and Admin123" is not defined. You can ignore this error by setting cucumberOpts.ignoreUndefinedDefinitions as true.</message>
                <stack-trace>Step "I login with invalid  admin and Admin123" is not defined. You can ignore this error by setting cucumberOpts.ignoreUndefinedDefinitions as true.
                	at Feature(D:\WiproAnz\features\login.feature):1:1
                	at Scenario(As a Invalod user, I shouldnot log into the Website):14:5
                	at Step(I login with invalid  &lt;username> and &lt;password>):17:5
                </stack-trace>
            </failure>
        </test-case>
        <test-case start='1676791586458' status='broken' stop='1676791586458'>
            <name>Then I should see an  &lt;errorMessage></name>
            <title>Then I should see an  &lt;errorMessage></title>
            <labels>
                <label name='language' value='javascript'/>
                <label name='framework' value='wdio'/>
                <label name='thread' value='0-0'/>
            </labels>
            <parameters>
                <parameter kind='argument' name='browser' value='chrome-110.0.5481.104'/>
            </parameters>
            <steps/>
            <attachments/>
            <failure>
                <message>Step "I should see an  &lt;errorMessage>" is not defined. You can ignore this error by setting cucumberOpts.ignoreUndefinedDefinitions as true.</message>
                <stack-trace>Step "I should see an  &lt;errorMessage>" is not defined. You can ignore this error by setting cucumberOpts.ignoreUndefinedDefinitions as true.
                	at Feature(D:\WiproAnz\features\login.feature):1:1
                	at Scenario(As a Invalod user, I shouldnot log into the Website):14:5
                	at Step(I should see an  &lt;errorMessage>):18:5
                </stack-trace>
            </failure>
        </test-case>
        <test-case start='1676791586459' status='passed' stop='1676791586459'>
            <name></name>
            <title></title>
            <labels>
                <label name='language' value='javascript'/>
                <label name='framework' value='wdio'/>
                <label name='thread' value='0-0'/>
            </labels>
            <parameters>
                <parameter kind='argument' name='browser' value='chrome-110.0.5481.104'/>
            </parameters>
            <steps/>
            <attachments/>
        </test-case>
    </test-cases>
</ns2:test-suite>